{
  "uuid": "4c71d56a-9a4e-446a-a824-6f5186a18440-tr-0-1005",
  "historyId": "SamiiProjectOptimal.Tests.DemoTests.DemoDeleteLessonForCurrentDay",
  "fullName": "SamiiProjectOptimal.Tests.DemoTests.DemoDeleteLessonForCurrentDay",
  "labels": [
    {
      "name": "thread",
      "value": "NonParallelWorker"
    },
    {
      "name": "host",
      "value": "DESKTOP-JHNIII0"
    },
    {
      "name": "package",
      "value": "SamiiProjectOptimal.Tests"
    },
    {
      "name": "testMethod",
      "value": "DemoDeleteLessonForCurrentDay"
    },
    {
      "name": "testClass",
      "value": "DemoTests"
    },
    {
      "name": "owner",
      "value": "Maksim <maxqatesting390@gmail.comm>"
    },
    {
      "name": "tag",
      "value": "Regression"
    },
    {
      "name": "owner",
      "value": "Maksim Perevalov"
    },
    {
      "name": "severity",
      "value": "critical"
    },
    {
      "name": "suite",
      "value": "Teacher"
    },
    {
      "name": "subSuite",
      "value": "DemoDeleteLessonCurrentDay"
    }
  ],
  "links": [],
  "name": "DemoDeleteLessonForCurrentDay",
  "status": "failed",
  "statusDetails": {
    "known": false,
    "muted": false,
    "flaky": false,
    "message": "  Expected: <System.Exception>\r\n  But was:  <OpenQA.Selenium.NoSuchElementException: no such element: Unable to locate element: {\"method\":\"xpath\",\"selector\":\".//div[contains(text(), '9:30pm')]\"}\n  (Session info: chrome=103.0.5060.114)\r\n   at OpenQA.Selenium.WebDriver.UnpackAndThrowOnError(Response errorResponse)\r\n   at OpenQA.Selenium.WebDriver.Execute(String driverCommandToExecute, Dictionary`2 parameters)\r\n   at OpenQA.Selenium.WebDriver.FindElement(String mechanism, String value)\r\n   at OpenQA.Selenium.By.<.ctor>b__11_0(ISearchContext context)\r\n   at OpenQA.Selenium.By.FindElement(ISearchContext context)\r\n   at OpenQA.Selenium.WebDriver.FindElement(By by)\r\n   at SamiiProjectOptimal.PageObjects.WebSiteTeacherPages.TeacherLessonShedulerPage.TeacherLessonSheduler.<>c__DisplayClass6_0.<VerifyDeletelesson>b__0() in C:\\Automation\\SamiiProjectOptimal\\SamiiProjectOptimal\\PageObjects\\WebSiteTeacherPages\\TeacherLessonShedulerPage\\TeacherLessonShedulerAssertions.cs:line 21\r\n   at NUnit.Framework.Assert.Throws(IResolveConstraint expression, TestDelegate code, String message, Object[] args)>\r\n",
    "trace": "   at SamiiProjectOptimal.PageObjects.WebSiteTeacherPages.TeacherLessonShedulerPage.TeacherLessonSheduler.__a$_around_VerifyDeletelesson_100663425_o(String time) in C:\\Automation\\SamiiProjectOptimal\\SamiiProjectOptimal\\PageObjects\\WebSiteTeacherPages\\TeacherLessonShedulerPage\\TeacherLessonShedulerAssertions.cs:line 21\r\n   at SamiiProjectOptimal.PageObjects.WebSiteTeacherPages.TeacherLessonShedulerPage.TeacherLessonSheduler.__a$_around_VerifyDeletelesson_100663425_u(Object[] )\r\n   at NUnit.Allure.Core.Steps.AllureStepAspect.WrapStep(String name, MethodBase methodBase, Object[] arguments, Func`2 method)\r\n   at SamiiProjectOptimal.PageObjects.WebSiteTeacherPages.TeacherLessonShedulerPage.TeacherLessonSheduler.__a$_around_VerifyDeletelesson_100663425_w_0(Object[] )\r\n   at SamiiProjectOptimal.PageObjects.WebSiteTeacherPages.TeacherLessonShedulerPage.TeacherLessonSheduler.VerifyDeletelesson(String time) in C:\\Automation\\SamiiProjectOptimal\\SamiiProjectOptimal\\PageObjects\\WebSiteTeacherPages\\TeacherLessonShedulerPage\\TeacherLessonShedulerAssertions.cs:line 37\r\n   at SamiiProjectOptimal.Tests.DemoTests.DemoDeleteLessonForCurrentDay() in C:\\Automation\\SamiiProjectOptimal\\SamiiProjectOptimal\\Tests\\DemoTests.cs:line 270\r\n"
  },
  "stage": "finished",
  "steps": [
    {
      "name": "DemoDeleteLessonForCurrentDay",
      "status": "failed",
      "statusDetails": {
        "known": false,
        "muted": false,
        "flaky": false,
        "message": "  Expected: <System.Exception>\r\n  But was:  <OpenQA.Selenium.NoSuchElementException: no such element: Unable to locate element: {\"method\":\"xpath\",\"selector\":\".//div[contains(text(), '9:30pm')]\"}\n  (Session info: chrome=103.0.5060.114)\r\n   at OpenQA.Selenium.WebDriver.UnpackAndThrowOnError(Response errorResponse)\r\n   at OpenQA.Selenium.WebDriver.Execute(String driverCommandToExecute, Dictionary`2 parameters)\r\n   at OpenQA.Selenium.WebDriver.FindElement(String mechanism, String value)\r\n   at OpenQA.Selenium.By.<.ctor>b__11_0(ISearchContext context)\r\n   at OpenQA.Selenium.By.FindElement(ISearchContext context)\r\n   at OpenQA.Selenium.WebDriver.FindElement(By by)\r\n   at SamiiProjectOptimal.PageObjects.WebSiteTeacherPages.TeacherLessonShedulerPage.TeacherLessonSheduler.<>c__DisplayClass6_0.<VerifyDeletelesson>b__0() in C:\\Automation\\SamiiProjectOptimal\\SamiiProjectOptimal\\PageObjects\\WebSiteTeacherPages\\TeacherLessonShedulerPage\\TeacherLessonShedulerAssertions.cs:line 21\r\n   at NUnit.Framework.Assert.Throws(IResolveConstraint expression, TestDelegate code, String message, Object[] args)>\r\n",
        "trace": "   at SamiiProjectOptimal.PageObjects.WebSiteTeacherPages.TeacherLessonShedulerPage.TeacherLessonSheduler.__a$_around_VerifyDeletelesson_100663425_o(String time) in C:\\Automation\\SamiiProjectOptimal\\SamiiProjectOptimal\\PageObjects\\WebSiteTeacherPages\\TeacherLessonShedulerPage\\TeacherLessonShedulerAssertions.cs:line 21\r\n   at SamiiProjectOptimal.PageObjects.WebSiteTeacherPages.TeacherLessonShedulerPage.TeacherLessonSheduler.__a$_around_VerifyDeletelesson_100663425_u(Object[] )\r\n   at NUnit.Allure.Core.Steps.AllureStepAspect.WrapStep(String name, MethodBase methodBase, Object[] arguments, Func`2 method)\r\n   at SamiiProjectOptimal.PageObjects.WebSiteTeacherPages.TeacherLessonShedulerPage.TeacherLessonSheduler.__a$_around_VerifyDeletelesson_100663425_w_0(Object[] )\r\n   at SamiiProjectOptimal.PageObjects.WebSiteTeacherPages.TeacherLessonShedulerPage.TeacherLessonSheduler.VerifyDeletelesson(String time) in C:\\Automation\\SamiiProjectOptimal\\SamiiProjectOptimal\\PageObjects\\WebSiteTeacherPages\\TeacherLessonShedulerPage\\TeacherLessonShedulerAssertions.cs:line 37\r\n   at SamiiProjectOptimal.Tests.DemoTests.DemoDeleteLessonForCurrentDay() in C:\\Automation\\SamiiProjectOptimal\\SamiiProjectOptimal\\Tests\\DemoTests.cs:line 270\r\n"
      },
      "stage": "finished",
      "steps": [
        {
          "name": "EnterEamilPassword",
          "status": "passed",
          "statusDetails": {
            "known": false,
            "muted": false,
            "flaky": false
          },
          "stage": "finished",
          "steps": [],
          "attachments": [],
          "parameters": [],
          "start": 1657198073718,
          "stop": 1657198075464
        },
        {
          "name": "ClickButtonLogInAsTeacher",
          "status": "passed",
          "statusDetails": {
            "known": false,
            "muted": false,
            "flaky": false
          },
          "stage": "finished",
          "steps": [],
          "attachments": [],
          "parameters": [],
          "start": 1657198075465,
          "stop": 1657198075690
        },
        {
          "name": "ClickArrowDropDown",
          "status": "passed",
          "statusDetails": {
            "known": false,
            "muted": false,
            "flaky": false
          },
          "stage": "finished",
          "steps": [],
          "attachments": [],
          "parameters": [],
          "start": 1657198075698,
          "stop": 1657198084734
        },
        {
          "name": "ClickButtonItemLessonSheduler",
          "status": "passed",
          "statusDetails": {
            "known": false,
            "muted": false,
            "flaky": false
          },
          "stage": "finished",
          "steps": [],
          "attachments": [],
          "parameters": [],
          "start": 1657198084735,
          "stop": 1657198085389
        },
        {
          "name": "SelectorShedulerLessonPageAdditional",
          "status": "passed",
          "statusDetails": {
            "known": false,
            "muted": false,
            "flaky": false
          },
          "stage": "finished",
          "steps": [],
          "attachments": [],
          "parameters": [
            {
              "name": "String",
              "value": "Home Studio"
            }
          ],
          "start": 1657198085391,
          "stop": 1657198095513
        },
        {
          "name": "VerifyDeletelesson",
          "status": "failed",
          "statusDetails": {
            "known": false,
            "muted": false,
            "flaky": false,
            "message": "  Expected: <System.Exception>\r\n  But was:  <OpenQA.Selenium.NoSuchElementException: no such element: Unable to locate element: {\"method\":\"xpath\",\"selector\":\".//div[contains(text(), '9:30pm')]\"}\n  (Session info: chrome=103.0.5060.114)\r\n   at OpenQA.Selenium.WebDriver.UnpackAndThrowOnError(Response errorResponse)\r\n   at OpenQA.Selenium.WebDriver.Execute(String driverCommandToExecute, Dictionary`2 parameters)\r\n   at OpenQA.Selenium.WebDriver.FindElement(String mechanism, String value)\r\n   at OpenQA.Selenium.By.<.ctor>b__11_0(ISearchContext context)\r\n   at OpenQA.Selenium.By.FindElement(ISearchContext context)\r\n   at OpenQA.Selenium.WebDriver.FindElement(By by)\r\n   at SamiiProjectOptimal.PageObjects.WebSiteTeacherPages.TeacherLessonShedulerPage.TeacherLessonSheduler.<>c__DisplayClass6_0.<VerifyDeletelesson>b__0() in C:\\Automation\\SamiiProjectOptimal\\SamiiProjectOptimal\\PageObjects\\WebSiteTeacherPages\\TeacherLessonShedulerPage\\TeacherLessonShedulerAssertions.cs:line 21\r\n   at NUnit.Framework.Assert.Throws(IResolveConstraint expression, TestDelegate code, String message, Object[] args)>\r\n",
            "trace": "   at NUnit.Framework.Assert.ReportFailure(String message)\r\n   at NUnit.Framework.Assert.ReportFailure(ConstraintResult result, String message, Object[] args)\r\n   at NUnit.Framework.Assert.That[TActual](TActual actual, IResolveConstraint expression, String message, Object[] args)\r\n   at NUnit.Framework.Assert.Throws(IResolveConstraint expression, TestDelegate code, String message, Object[] args)\r\n   at NUnit.Framework.Assert.Throws(Type expectedExceptionType, TestDelegate code, String message, Object[] args)\r\n   at NUnit.Framework.Assert.Throws[TActual](TestDelegate code, String message, Object[] args)\r\n   at NUnit.Framework.Assert.Throws[TActual](TestDelegate code)\r\n   at SamiiProjectOptimal.PageObjects.WebSiteTeacherPages.TeacherLessonShedulerPage.TeacherLessonSheduler.__a$_around_VerifyDeletelesson_100663425_o(String time) in C:\\Automation\\SamiiProjectOptimal\\SamiiProjectOptimal\\PageObjects\\WebSiteTeacherPages\\TeacherLessonShedulerPage\\TeacherLessonShedulerAssertions.cs:line 21\r\n   at SamiiProjectOptimal.PageObjects.WebSiteTeacherPages.TeacherLessonShedulerPage.TeacherLessonSheduler.__a$_around_VerifyDeletelesson_100663425_u(Object[] )\r\n   at NUnit.Allure.Core.Steps.AllureStepAspect.WrapStep(String name, MethodBase methodBase, Object[] arguments, Func`2 method)"
          },
          "stage": "finished",
          "steps": [],
          "attachments": [],
          "parameters": [
            {
              "name": "String",
              "value": "9:30pm"
            }
          ],
          "start": 1657198095516,
          "stop": 1657198096817
        }
      ],
      "attachments": [
        {
          "name": "Console Output",
          "source": "240d6909ef3942e5818f55021a27bb4d-attachment.txt",
          "type": "text/plain"
        }
      ],
      "parameters": [],
      "start": 1657198066950,
      "stop": 1657198098332
    }
  ],
  "attachments": [],
  "parameters": [],
  "start": 1657198066948,
  "stop": 1657198098344
}